[0m12:00:19.502310 [debug] [MainThread]: Sending event: {'category': 'dbt', 'action': 'invocation', 'label': 'start', 'context': [<snowplow_tracker.self_describing_json.SelfDescribingJson object at 0x1075bdc70>, <snowplow_tracker.self_describing_json.SelfDescribingJson object at 0x1076e24e0>, <snowplow_tracker.self_describing_json.SelfDescribingJson object at 0x1076e20c0>]}


============================== 12:00:19.511264 | 692c2463-af5a-450d-a4a8-9a5328136ccf ==============================
[0m12:00:19.511264 [info ] [MainThread]: Running with dbt=1.8.7
[0m12:00:19.512268 [debug] [MainThread]: running dbt with arguments {'printer_width': '80', 'indirect_selection': 'eager', 'write_json': 'True', 'log_cache_events': 'False', 'partial_parse': 'True', 'cache_selected_only': 'False', 'profiles_dir': '/Users/noahgarcia/.dbt', 'debug': 'False', 'warn_error': 'None', 'log_path': 'logs', 'fail_fast': 'False', 'version_check': 'True', 'use_colors': 'True', 'use_experimental_parser': 'False', 'no_print': 'None', 'quiet': 'False', 'empty': 'None', 'warn_error_options': 'WarnErrorOptions(include=[], exclude=[])', 'static_parser': 'True', 'invocation_command': 'dbt init', 'introspect': 'True', 'target_path': 'None', 'log_format': 'default', 'send_anonymous_usage_stats': 'True'}
[0m12:00:33.781083 [debug] [MainThread]: Starter project path: /Users/noahgarcia/VSCode/*PROJECTS*/ELT Data Pipeline/dbt-env/lib/python3.12/site-packages/dbt/include/starter_project
[0m12:00:33.798822 [info ] [MainThread]: 
Your new dbt project "elt_data_pipeline" was created!

For more information on how to configure the profiles.yml file,
please consult the dbt documentation here:

  https://docs.getdbt.com/docs/configure-your-profile

One more thing:

Need help? Don't hesitate to reach out to us via GitHub issues or on Slack:

  https://community.getdbt.com/

Happy modeling!

[0m12:00:33.799579 [info ] [MainThread]: Setting up your profile.
[0m12:04:58.077970 [info ] [MainThread]: Profile elt_data_pipeline written to /Users/noahgarcia/.dbt/profiles.yml using target's profile_template.yml and your supplied values. Run 'dbt debug' to validate the connection.
[0m12:04:58.088800 [debug] [MainThread]: Resource report: {"command_name": "init", "command_success": true, "command_wall_clock_time": 278.7264, "process_user_time": 2.633902, "process_kernel_time": 0.720015, "process_mem_max_rss": "105877504", "process_in_blocks": "0", "process_out_blocks": "0"}
[0m12:04:58.091086 [debug] [MainThread]: Command `dbt init` succeeded at 12:04:58.090520 after 278.73 seconds
[0m12:04:58.092932 [debug] [MainThread]: Sending event: {'category': 'dbt', 'action': 'invocation', 'label': 'end', 'context': [<snowplow_tracker.self_describing_json.SelfDescribingJson object at 0x108060e30>, <snowplow_tracker.self_describing_json.SelfDescribingJson object at 0x106cf90a0>, <snowplow_tracker.self_describing_json.SelfDescribingJson object at 0x108176f30>]}
[0m12:04:58.094020 [debug] [MainThread]: Flushing usage events
[0m16:40:46.015249 [debug] [MainThread]: Sending event: {'category': 'dbt', 'action': 'invocation', 'label': 'start', 'context': [<snowplow_tracker.self_describing_json.SelfDescribingJson object at 0x10e6f6b40>, <snowplow_tracker.self_describing_json.SelfDescribingJson object at 0x10e866390>, <snowplow_tracker.self_describing_json.SelfDescribingJson object at 0x10e865f70>]}


============================== 16:40:46.023848 | 0bdb4351-9794-4463-afdd-8fcf118095fd ==============================
[0m16:40:46.023848 [info ] [MainThread]: Running with dbt=1.8.7
[0m16:40:46.024921 [debug] [MainThread]: running dbt with arguments {'printer_width': '80', 'indirect_selection': 'eager', 'log_cache_events': 'False', 'write_json': 'True', 'partial_parse': 'True', 'cache_selected_only': 'False', 'warn_error': 'None', 'version_check': 'True', 'fail_fast': 'False', 'log_path': 'logs', 'profiles_dir': '/Users/noahgarcia/.dbt', 'debug': 'False', 'use_colors': 'True', 'use_experimental_parser': 'False', 'empty': 'None', 'quiet': 'False', 'no_print': 'None', 'warn_error_options': 'WarnErrorOptions(include=[], exclude=[])', 'invocation_command': 'dbt deps', 'static_parser': 'True', 'introspect': 'True', 'target_path': 'None', 'log_format': 'default', 'send_anonymous_usage_stats': 'True'}
[0m16:40:46.028013 [error] [MainThread]: Encountered an error:
Runtime Error
  No dbt_project.yml found at expected path /Users/noahgarcia/VSCode/*PROJECTS*/ELT Data Pipeline/dbt_project.yml
  Verify that each entry within packages.yml (and their transitive dependencies) contains a file named dbt_project.yml
  
[0m16:40:46.038154 [debug] [MainThread]: Resource report: {"command_name": "deps", "command_wall_clock_time": 0.1579523, "process_user_time": 2.174705, "process_kernel_time": 0.449093, "process_mem_max_rss": "86470656", "command_success": false, "process_in_blocks": "0", "process_out_blocks": "0"}
[0m16:40:46.039325 [debug] [MainThread]: Command `dbt deps` failed at 16:40:46.039135 after 0.16 seconds
[0m16:40:46.039986 [debug] [MainThread]: Sending event: {'category': 'dbt', 'action': 'invocation', 'label': 'end', 'context': [<snowplow_tracker.self_describing_json.SelfDescribingJson object at 0x10e2b6f60>, <snowplow_tracker.self_describing_json.SelfDescribingJson object at 0x10e865fa0>, <snowplow_tracker.self_describing_json.SelfDescribingJson object at 0x10e867dd0>]}
[0m16:40:46.040611 [debug] [MainThread]: Flushing usage events
[0m16:41:46.644082 [debug] [MainThread]: Sending event: {'category': 'dbt', 'action': 'invocation', 'label': 'start', 'context': [<snowplow_tracker.self_describing_json.SelfDescribingJson object at 0x111c2caa0>, <snowplow_tracker.self_describing_json.SelfDescribingJson object at 0x111d6e330>, <snowplow_tracker.self_describing_json.SelfDescribingJson object at 0x111d6df10>]}


============================== 16:41:46.653786 | 4a6ff332-fb55-4370-a474-6b619beec73a ==============================
[0m16:41:46.653786 [info ] [MainThread]: Running with dbt=1.8.7
[0m16:41:46.655025 [debug] [MainThread]: running dbt with arguments {'printer_width': '80', 'indirect_selection': 'eager', 'log_cache_events': 'False', 'write_json': 'True', 'partial_parse': 'True', 'cache_selected_only': 'False', 'profiles_dir': '/Users/noahgarcia/.dbt', 'fail_fast': 'False', 'warn_error': 'None', 'log_path': 'logs', 'version_check': 'True', 'debug': 'False', 'use_colors': 'True', 'use_experimental_parser': 'False', 'empty': 'None', 'quiet': 'False', 'no_print': 'None', 'warn_error_options': 'WarnErrorOptions(include=[], exclude=[])', 'invocation_command': 'dbt deps', 'log_format': 'default', 'introspect': 'True', 'target_path': 'None', 'static_parser': 'True', 'send_anonymous_usage_stats': 'True'}
[0m16:41:46.656267 [error] [MainThread]: Encountered an error:
Runtime Error
  No dbt_project.yml found at expected path /Users/noahgarcia/VSCode/*PROJECTS*/ELT Data Pipeline/dbt_project.yml
  Verify that each entry within packages.yml (and their transitive dependencies) contains a file named dbt_project.yml
  
[0m16:41:46.660511 [debug] [MainThread]: Resource report: {"command_name": "deps", "command_wall_clock_time": 0.15219687, "process_user_time": 2.120412, "process_kernel_time": 0.525529, "process_mem_max_rss": "86249472", "command_success": false, "process_in_blocks": "0", "process_out_blocks": "0"}
[0m16:41:46.662279 [debug] [MainThread]: Command `dbt deps` failed at 16:41:46.661862 after 0.15 seconds
[0m16:41:46.663220 [debug] [MainThread]: Sending event: {'category': 'dbt', 'action': 'invocation', 'label': 'end', 'context': [<snowplow_tracker.self_describing_json.SelfDescribingJson object at 0x111bafef0>, <snowplow_tracker.self_describing_json.SelfDescribingJson object at 0x111d6e060>, <snowplow_tracker.self_describing_json.SelfDescribingJson object at 0x111d6fce0>]}
[0m16:41:46.664075 [debug] [MainThread]: Flushing usage events
[0m17:50:20.029745 [debug] [MainThread]: Sending event: {'category': 'dbt', 'action': 'invocation', 'label': 'start', 'context': [<snowplow_tracker.self_describing_json.SelfDescribingJson object at 0x1125216d0>, <snowplow_tracker.self_describing_json.SelfDescribingJson object at 0x1126da7e0>, <snowplow_tracker.self_describing_json.SelfDescribingJson object at 0x1126da360>]}


============================== 17:50:20.038997 | 057cfe96-a2ae-4790-abcc-57668bc89226 ==============================
[0m17:50:20.038997 [info ] [MainThread]: Running with dbt=1.8.7
[0m17:50:20.040140 [debug] [MainThread]: running dbt with arguments {'printer_width': '80', 'indirect_selection': 'eager', 'log_cache_events': 'False', 'write_json': 'True', 'partial_parse': 'True', 'cache_selected_only': 'False', 'profiles_dir': '/Users/noahgarcia/.dbt', 'debug': 'False', 'version_check': 'True', 'log_path': 'logs', 'fail_fast': 'False', 'warn_error': 'None', 'use_colors': 'True', 'use_experimental_parser': 'False', 'empty': 'False', 'quiet': 'False', 'no_print': 'None', 'warn_error_options': 'WarnErrorOptions(include=[], exclude=[])', 'invocation_command': 'dbt run', 'introspect': 'True', 'log_format': 'default', 'target_path': 'None', 'static_parser': 'True', 'send_anonymous_usage_stats': 'True'}
[0m17:50:20.041030 [error] [MainThread]: Encountered an error:
Runtime Error
  No dbt_project.yml found at expected path /Users/noahgarcia/VSCode/*PROJECTS*/ELT Data Pipeline/dbt_project.yml
  Verify that each entry within packages.yml (and their transitive dependencies) contains a file named dbt_project.yml
  
[0m17:50:20.044332 [debug] [MainThread]: Resource report: {"command_name": "run", "command_wall_clock_time": 0.12654424, "process_user_time": 2.085377, "process_kernel_time": 0.490823, "process_mem_max_rss": "86441984", "command_success": false, "process_in_blocks": "0", "process_out_blocks": "0"}
[0m17:50:20.045692 [debug] [MainThread]: Command `dbt run` failed at 17:50:20.045438 after 0.13 seconds
[0m17:50:20.046491 [debug] [MainThread]: Sending event: {'category': 'dbt', 'action': 'invocation', 'label': 'end', 'context': [<snowplow_tracker.self_describing_json.SelfDescribingJson object at 0x1124f9520>, <snowplow_tracker.self_describing_json.SelfDescribingJson object at 0x11206df40>, <snowplow_tracker.self_describing_json.SelfDescribingJson object at 0x1126da360>]}
[0m17:50:20.047211 [debug] [MainThread]: Flushing usage events
